<?xml version="1.0" encoding="UTF-8"?>
<!-- Generated by org.testng.reporters.JUnitXMLReporter -->
<testsuite hostname="mistyche-MS-1688" name="oa.selenium.FrameworkClean.tests" tests="6" failures="0" timestamp="22 Aug 2015 18:05:10 GMT" time="0.086" errors="0">
  <testcase name="@BeforeClass initializeTestBaseSetup" time="0.0" classname="oa.selenium.FrameworkClean.tests.FanctionalTest">
    <failure type="org.testng.TestNGException" message="
Parameter &amp;apos;browserType&amp;apos; is required by @Configuration on method initializeTestBaseSetup but has not been marked @Optional or defined
in /tmp/testng-eclipse--2012353790/testng-customsuite.xml">
      <![CDATA[org.testng.TestNGException: 
Parameter 'browserType' is required by @Configuration on method initializeTestBaseSetup but has not been marked @Optional or defined
in /tmp/testng-eclipse--2012353790/testng-customsuite.xml
	at org.testng.internal.Parameters.createParameters(Parameters.java:155)
	at org.testng.internal.Parameters.createParameters(Parameters.java:358)
	at org.testng.internal.Parameters.createConfigurationParameters(Parameters.java:86)
	at org.testng.internal.Invoker.invokeConfigurations(Invoker.java:199)
	at org.testng.internal.Invoker.invokeConfigurations(Invoker.java:138)
	at org.testng.internal.TestMethodWorker.invokeBeforeClassMethods(TestMethodWorker.java:175)
	at org.testng.internal.TestMethodWorker.run(TestMethodWorker.java:107)
	at org.testng.TestRunner.privateRun(TestRunner.java:767)
	at org.testng.TestRunner.run(TestRunner.java:617)
	at org.testng.SuiteRunner.runTest(SuiteRunner.java:334)
	at org.testng.SuiteRunner.runSequentially(SuiteRunner.java:329)
	at org.testng.SuiteRunner.privateRun(SuiteRunner.java:291)
	at org.testng.SuiteRunner.run(SuiteRunner.java:240)
	at org.testng.SuiteRunnerWorker.runSuite(SuiteRunnerWorker.java:52)
	at org.testng.SuiteRunnerWorker.run(SuiteRunnerWorker.java:86)
	at org.testng.TestNG.runSuitesSequentially(TestNG.java:1224)
	at org.testng.TestNG.runSuitesLocally(TestNG.java:1149)
	at org.testng.TestNG.run(TestNG.java:1057)
	at org.testng.remote.RemoteTestNG.run(RemoteTestNG.java:111)
	at org.testng.remote.RemoteTestNG.initAndRun(RemoteTestNG.java:204)
	at org.testng.remote.RemoteTestNG.main(RemoteTestNG.java:175)
]]>
    </failure>
  </testcase> <!-- @BeforeClass initializeTestBaseSetup -->
  <testcase name="@BeforeClass setUp" time="0.0" classname="oa.selenium.FrameworkClean.tests.FanctionalTest">
    <skipped/>
  </testcase> <!-- @BeforeClass setUp -->
  <testcase name="@AfterClass tearDown" time="0.0" classname="oa.selenium.FrameworkClean.tests.FanctionalTest">
    <skipped/>
  </testcase> <!-- @AfterClass tearDown -->
  <testcase name="@BeforeClass initializeTestBaseSetup" time="0.0" classname="oa.selenium.FrameworkClean.tests.SmokeTest">
    <skipped/>
  </testcase> <!-- @BeforeClass initializeTestBaseSetup -->
  <testcase name="@BeforeClass setUp" time="0.0" classname="oa.selenium.FrameworkClean.tests.SmokeTest">
    <skipped/>
  </testcase> <!-- @BeforeClass setUp -->
  <testcase name="@AfterClass tearDown" time="0.0" classname="oa.selenium.FrameworkClean.tests.SmokeTest">
    <skipped/>
  </testcase> <!-- @AfterClass tearDown -->
  <testcase name="FuncTestCSVTestMult" time="0.011" classname="oa.selenium.FrameworkClean.tests.FanctionalTest">
    <skipped/>
  </testcase> <!-- FuncTestCSVTestMult -->
  <testcase name="FuncTestCSVTestPlass" time="0.001" classname="oa.selenium.FrameworkClean.tests.FanctionalTest">
    <skipped/>
  </testcase> <!-- FuncTestCSVTestPlass -->
  <testcase name="SmokeTest" time="0.001" classname="oa.selenium.FrameworkClean.tests.FanctionalTest">
    <skipped/>
  </testcase> <!-- SmokeTest -->
  <testcase name="SmokeTest1" time="0.001" classname="oa.selenium.FrameworkClean.tests.SmokeTest">
    <skipped/>
  </testcase> <!-- SmokeTest1 -->
  <testcase name="SmokeTest2" time="0.001" classname="oa.selenium.FrameworkClean.tests.SmokeTest">
    <skipped/>
  </testcase> <!-- SmokeTest2 -->
  <testcase name="clickCalculateButton" time="0.002" classname="oa.selenium.FrameworkClean.tests.SmokeTest">
    <skipped/>
  </testcase> <!-- clickCalculateButton -->
</testsuite> <!-- oa.selenium.FrameworkClean.tests -->
